Using pre-set license

 COMMAND LINE ARGUMENTS:
/Applications/Unity/Unity.app/Contents/MacOS/Unity
-adb2
-batchMode
-noUpm
-name
AssetImportWorker0
-projectPath
/Users/cslab-mbp-two/Documents/cart315_IterativePrototype
-logFile
Logs/AssetImportWorker0.log
-srvPort
49254
Successfully changed project path to: /Users/cslab-mbp-two/Documents/cart315_IterativePrototype
/Users/cslab-mbp-two/Documents/cart315_IterativePrototype
Using Asset Import Pipeline V2.
Refreshing native plugins compatible for Editor in 44.05 ms, found 1 plugins.
Preloading 0 native plugins for Editor in 0.00 ms.
Initialize engine version: 2020.2.1f1 (270dd8c3da1c)
[Subsystems] Discovering subsystems at path /Applications/Unity/Unity.app/Contents/Resources/UnitySubsystems
[Subsystems] Discovering subsystems at path /Users/cslab-mbp-two/Documents/cart315_IterativePrototype/Assets
GfxDevice: creating device client; threaded=0
2021-04-12 21:27:12.693 Unity[845:15312] Color LCD preferred device: Intel Iris Pro Graphics (low power)
2021-04-12 21:27:12.693 Unity[845:15312] Metal devices available: 1
2021-04-12 21:27:12.693 Unity[845:15312] 0: Intel Iris Pro Graphics (low power)
2021-04-12 21:27:12.695 Unity[845:15312] Using device Intel Iris Pro Graphics (low power)
Initializing Metal device caps: Intel Iris Pro Graphics
Initialize mono
Mono path[0] = '/Applications/Unity/Unity.app/Contents/Managed'
Mono path[1] = '/Applications/Unity/Unity.app/Contents/MonoBleedingEdge/lib/mono/unityjit'
Mono config path = '/Applications/Unity/Unity.app/Contents/MonoBleedingEdge/etc'
Using monoOptions --debugger-agent=transport=dt_socket,embedding=1,server=y,suspend=n,address=127.0.0.1:56845
Begin MonoManager ReloadAssembly
Registering precompiled unity dll's ...
Register platform support module: /Applications/Unity/Unity.app/Contents/PlaybackEngines/MacStandaloneSupport/UnityEditor.OSXStandalone.Extensions.dll
Registered in 0.000583 seconds.
Native extension for OSXStandalone target not found
Refreshing native plugins compatible for Editor in 42.22 ms, found 1 plugins.
Preloading 0 native plugins for Editor in 0.00 ms.
Invoked RoslynAnalysisRunner static constructor.
RoslynAnalysisRunner will not be running.
RoslynAnalysisRunner has terminated.
Mono: successfully reloaded assembly
- Completed reload, in  1.706 seconds
Platform modules already initialized, skipping
Registering precompiled user dll's ...
Registered in 0.000474 seconds.
Begin MonoManager ReloadAssembly
Native extension for OSXStandalone target not found
Refreshing native plugins compatible for Editor in 0.70 ms, found 1 plugins.
Preloading 0 native plugins for Editor in 0.00 ms.
Invoked RoslynAnalysisRunner static constructor.
RoslynAnalysisRunner will not be running.
RoslynAnalysisRunner has terminated.
Mono: successfully reloaded assembly
- Completed reload, in  1.361 seconds
Platform modules already initialized, skipping
========================================================================
Worker process is ready to serve import requests
Launching external process: /Applications/Unity/Unity.app/Contents/Tools/UnityShaderCompiler
Launched and connected shader compiler UnityShaderCompiler after 0.02 seconds
Refreshing native plugins compatible for Editor in 0.48 ms, found 1 plugins.
Preloading 0 native plugins for Editor in 0.00 ms.
Unloading 1499 Unused Serialized files (Serialized files now loaded: 0)
System memory in use before: 131.1 MB.
System memory in use after: 131.1 MB.

Unloading 69 unused Assets to reduce memory usage. Loaded Objects now: 1935.
Total: 3.683881 ms (FindLiveObjects: 0.319471 ms CreateObjectMapping: 0.123517 ms MarkObjects: 3.063734 ms  DeleteObjects: 0.175581 ms)

========================================================================
Received Import Request.
  path: Assets/Scenes/Level_2.unity
  artifactKey: Guid(fbf5b9c615b304996b6a7b2f512f158e) Importer(815301076,1909f56bfc062723c751e8b465ee728b)
Start importing Assets/Scenes/Level_2.unity using Guid(fbf5b9c615b304996b6a7b2f512f158e) Importer(815301076,1909f56bfc062723c751e8b465ee728b)  -> (artifact id: '17b133e82edfacbb0fcec4d4e77e9a97') in 0.010539 seconds
  Import took 0.014784 seconds .

========================================================================
Received Import Request.
  Time since last request: 1940.411753 seconds.
  path: Assets/Material/WalkThrough_mat.mat
  artifactKey: Guid(41be012246fd34253ada8a5e0bfce5b6) Importer(815301076,1909f56bfc062723c751e8b465ee728b)
Start importing Assets/Material/WalkThrough_mat.mat using Guid(41be012246fd34253ada8a5e0bfce5b6) Importer(815301076,1909f56bfc062723c751e8b465ee728b)  -> (artifact id: '6d4ef54014cfdaac7aacbbd8d330f341') in 0.296967 seconds
  Import took 0.301372 seconds .

========================================================================
Received Import Request.
  Time since last request: 264.996315 seconds.
  path: Assets/Material/Walkthrough_mat.mat
  artifactKey: Guid(cd82238bbbf3f43ca855b9f3fffd5452) Importer(815301076,1909f56bfc062723c751e8b465ee728b)
Start importing Assets/Material/Walkthrough_mat.mat using Guid(cd82238bbbf3f43ca855b9f3fffd5452) Importer(815301076,1909f56bfc062723c751e8b465ee728b)  -> (artifact id: 'b97b2d528f23e0f80516c1825af646dd') in 0.032645 seconds
  Import took 0.037996 seconds .

========================================================================
Received Import Request.
  Time since last request: 1426.579072 seconds.
  path: Assets/Material/Star_Blue.mat
  artifactKey: Guid(41be012246fd34253ada8a5e0bfce5b6) Importer(815301076,1909f56bfc062723c751e8b465ee728b)
Start importing Assets/Material/Star_Blue.mat using Guid(41be012246fd34253ada8a5e0bfce5b6) Importer(815301076,1909f56bfc062723c751e8b465ee728b)  -> (artifact id: 'cadad36dda4fc9feaf763ffaba620454') in 0.022813 seconds
  Import took 0.026659 seconds .

========================================================================
Received Import Request.
  Time since last request: 0.000222 seconds.
  path: Assets/Material/Walkthrough_mat.mat
  artifactKey: Guid(cd82238bbbf3f43ca855b9f3fffd5452) Importer(815301076,1909f56bfc062723c751e8b465ee728b)
Start importing Assets/Material/Walkthrough_mat.mat using Guid(cd82238bbbf3f43ca855b9f3fffd5452) Importer(815301076,1909f56bfc062723c751e8b465ee728b)  -> (artifact id: '038456b2848891f80367847855c01e30') in 0.011187 seconds
  Import took 0.013809 seconds .

========================================================================
Received Import Request.
  Time since last request: 0.000292 seconds.
  path: Assets/Material/Star_red.mat
  artifactKey: Guid(fce3a66c3407547c28c4952ccc8b8e2c) Importer(815301076,1909f56bfc062723c751e8b465ee728b)
Start importing Assets/Material/Star_red.mat using Guid(fce3a66c3407547c28c4952ccc8b8e2c) Importer(815301076,1909f56bfc062723c751e8b465ee728b)  -> (artifact id: '8b5cf36f1f1a793c7bb6394eae815b92') in 0.016055 seconds
  Import took 0.019088 seconds .

========================================================================
Received Prepare
Registering precompiled user dll's ...
Registered in 0.000438 seconds.
Begin MonoManager ReloadAssembly
Native extension for OSXStandalone target not found
Refreshing native plugins compatible for Editor in 0.33 ms, found 1 plugins.
Preloading 0 native plugins for Editor in 0.00 ms.
Invoked RoslynAnalysisRunner static constructor.
RoslynAnalysisRunner will not be running.
RoslynAnalysisRunner has terminated.
Mono: successfully reloaded assembly
- Completed reload, in  1.141 seconds
Platform modules already initialized, skipping
Refreshing native plugins compatible for Editor in 0.40 ms, found 1 plugins.
Preloading 0 native plugins for Editor in 0.00 ms.
Unloading 1461 Unused Serialized files (Serialized files now loaded: 0)
System memory in use before: 139.9 MB.
System memory in use after: 139.9 MB.

Unloading 64 unused Assets to reduce memory usage. Loaded Objects now: 1977.
Total: 3.254760 ms (FindLiveObjects: 0.312629 ms CreateObjectMapping: 0.085809 ms MarkObjects: 2.730188 ms  DeleteObjects: 0.124486 ms)

========================================================================
Received Import Request.
  Time since last request: 264.157967 seconds.
  path: Assets/Scenes/Level_1.unity
  artifactKey: Guid(f1efce9c1a7224e84830345c7f791371) Importer(815301076,1909f56bfc062723c751e8b465ee728b)
Start importing Assets/Scenes/Level_1.unity using Guid(f1efce9c1a7224e84830345c7f791371) Importer(815301076,1909f56bfc062723c751e8b465ee728b)  -> (artifact id: '6b4928bce5b43b902f35482a4b4b170a') in 0.005878 seconds
  Import took 0.009033 seconds .

========================================================================
Received Import Request.
  Time since last request: 0.000505 seconds.
  path: Assets/Scenes/Level_1.unity
  artifactKey: Guid(f1efce9c1a7224e84830345c7f791371) Importer(815301076,1909f56bfc062723c751e8b465ee728b)
Start importing Assets/Scenes/Level_1.unity using Guid(f1efce9c1a7224e84830345c7f791371) Importer(815301076,1909f56bfc062723c751e8b465ee728b)  -> (artifact id: '6b4928bce5b43b902f35482a4b4b170a') in 0.001101 seconds
  Import took 0.003949 seconds .

========================================================================
Received Import Request.
  Time since last request: 11.627522 seconds.
  path: Assets/Scenes/Level_2.unity
  artifactKey: Guid(fbf5b9c615b304996b6a7b2f512f158e) Importer(815301076,1909f56bfc062723c751e8b465ee728b)
Start importing Assets/Scenes/Level_2.unity using Guid(fbf5b9c615b304996b6a7b2f512f158e) Importer(815301076,1909f56bfc062723c751e8b465ee728b)  -> (artifact id: 'd4ce69c46ea72943457489de00f91f73') in 0.001898 seconds
  Import took 0.005126 seconds .

========================================================================
Received Import Request.
  Time since last request: 1.673565 seconds.
  path: Assets/Scenes/Level_3.unity
  artifactKey: Guid(9fc0d4010bbf28b4594072e72b8655ab) Importer(815301076,1909f56bfc062723c751e8b465ee728b)
Start importing Assets/Scenes/Level_3.unity using Guid(9fc0d4010bbf28b4594072e72b8655ab) Importer(815301076,1909f56bfc062723c751e8b465ee728b)  -> (artifact id: 'fbd8ecf03fb5b9d67b59525a0b594b40') in 0.003459 seconds
  Import took 0.006514 seconds .

========================================================================
Received Prepare
Registering precompiled user dll's ...
Registered in 0.000455 seconds.
Begin MonoManager ReloadAssembly
Native extension for OSXStandalone target not found
Refreshing native plugins compatible for Editor in 0.34 ms, found 1 plugins.
Preloading 0 native plugins for Editor in 0.00 ms.
Invoked RoslynAnalysisRunner static constructor.
RoslynAnalysisRunner will not be running.
RoslynAnalysisRunner has terminated.
Mono: successfully reloaded assembly
- Completed reload, in  1.246 seconds
Platform modules already initialized, skipping
Refreshing native plugins compatible for Editor in 0.33 ms, found 1 plugins.
Preloading 0 native plugins for Editor in 0.00 ms.
Unloading 1461 Unused Serialized files (Serialized files now loaded: 0)
System memory in use before: 140.1 MB.
System memory in use after: 140.2 MB.

Unloading 64 unused Assets to reduce memory usage. Loaded Objects now: 1979.
Total: 3.274639 ms (FindLiveObjects: 0.804364 ms CreateObjectMapping: 0.067694 ms MarkObjects: 2.284881 ms  DeleteObjects: 0.115296 ms)

========================================================================
Received Import Request.
  Time since last request: 675.386512 seconds.
  path: Assets/Material/glow_blue.mat
  artifactKey: Guid(88c75e2118cb74cfdb757920eb2ae5b6) Importer(815301076,1909f56bfc062723c751e8b465ee728b)
Start importing Assets/Material/glow_blue.mat using Guid(88c75e2118cb74cfdb757920eb2ae5b6) Importer(815301076,1909f56bfc062723c751e8b465ee728b)  -> (artifact id: '20c72290e40faf70684de38afc0cf747') in 0.067528 seconds
  Import took 0.071014 seconds .

========================================================================
Received Import Request.
  Time since last request: 0.000248 seconds.
  path: Assets/Material/glow_orange.mat
  artifactKey: Guid(b6b6b6ade7e514581b12e992a036e259) Importer(815301076,1909f56bfc062723c751e8b465ee728b)
Start importing Assets/Material/glow_orange.mat using Guid(b6b6b6ade7e514581b12e992a036e259) Importer(815301076,1909f56bfc062723c751e8b465ee728b)  -> (artifact id: '6adb6814828c20272c1616a718a72b80') in 0.007588 seconds
  Import took 0.010533 seconds .

========================================================================
Received Import Request.
  Time since last request: 0.000215 seconds.
  path: Assets/Material/glow_yellow.mat
  artifactKey: Guid(678ed835c1e1041d690a26e54e298b3a) Importer(815301076,1909f56bfc062723c751e8b465ee728b)
Start importing Assets/Material/glow_yellow.mat using Guid(678ed835c1e1041d690a26e54e298b3a) Importer(815301076,1909f56bfc062723c751e8b465ee728b)  -> (artifact id: '2c6e6c2a2d4dcced7c5ef0d1e144b6aa') in 0.025347 seconds
  Import took 0.029086 seconds .

========================================================================
Received Import Request.
  Time since last request: 641.661568 seconds.
  path: Assets/Scenes/Level_3.unity
  artifactKey: Guid(9fc0d4010bbf28b4594072e72b8655ab) Importer(815301076,1909f56bfc062723c751e8b465ee728b)
Start importing Assets/Scenes/Level_3.unity using Guid(9fc0d4010bbf28b4594072e72b8655ab) Importer(815301076,1909f56bfc062723c751e8b465ee728b)  -> (artifact id: 'c28f732e9ce6c4f434f405e86eec2714') in 0.002314 seconds
  Import took 0.005879 seconds .

========================================================================
Received Prepare
Registering precompiled user dll's ...
Registered in 0.000427 seconds.
Begin MonoManager ReloadAssembly
Native extension for OSXStandalone target not found
Refreshing native plugins compatible for Editor in 0.35 ms, found 1 plugins.
Preloading 0 native plugins for Editor in 0.00 ms.
Invoked RoslynAnalysisRunner static constructor.
RoslynAnalysisRunner will not be running.
RoslynAnalysisRunner has terminated.
Mono: successfully reloaded assembly
- Completed reload, in  1.210 seconds
Platform modules already initialized, skipping
Refreshing native plugins compatible for Editor in 0.33 ms, found 1 plugins.
Preloading 0 native plugins for Editor in 0.00 ms.
Unloading 1461 Unused Serialized files (Serialized files now loaded: 0)
System memory in use before: 140.6 MB.
System memory in use after: 140.6 MB.

Unloading 64 unused Assets to reduce memory usage. Loaded Objects now: 1982.
Total: 3.487701 ms (FindLiveObjects: 0.489129 ms CreateObjectMapping: 0.138273 ms MarkObjects: 2.734710 ms  DeleteObjects: 0.123623 ms)

========================================================================
Received Import Request.
  Time since last request: 4.888257 seconds.
  path: Assets/Scenes/Level_3.unity
  artifactKey: Guid(9fc0d4010bbf28b4594072e72b8655ab) Importer(815301076,1909f56bfc062723c751e8b465ee728b)
Start importing Assets/Scenes/Level_3.unity using Guid(9fc0d4010bbf28b4594072e72b8655ab) Importer(815301076,1909f56bfc062723c751e8b465ee728b)  -> (artifact id: '7d94e739c154ca07ab226c13c71b5062') in 0.006884 seconds
  Import took 0.009894 seconds .

========================================================================
Received Import Request.
  Time since last request: 7.475436 seconds.
  path: Assets/Scenes/Level_4.unity
  artifactKey: Guid(9fc0d4010bbf28b4594072e72b8655ab) Importer(815301076,1909f56bfc062723c751e8b465ee728b)
Start importing Assets/Scenes/Level_4.unity using Guid(9fc0d4010bbf28b4594072e72b8655ab) Importer(815301076,1909f56bfc062723c751e8b465ee728b)  -> (artifact id: '238695ab0958ca04dbc6fe7d40eca369') in 0.002084 seconds
  Import took 0.005487 seconds .

========================================================================
Received Import Request.
  Time since last request: 11.255204 seconds.
  path: Assets/Scenes/Level_3.unity
  artifactKey: Guid(fbf5b9c615b304996b6a7b2f512f158e) Importer(815301076,1909f56bfc062723c751e8b465ee728b)
Start importing Assets/Scenes/Level_3.unity using Guid(fbf5b9c615b304996b6a7b2f512f158e) Importer(815301076,1909f56bfc062723c751e8b465ee728b)  -> (artifact id: '1a14d9f1c227ad5484072f1bbe416e9e') in 0.001742 seconds
  Import took 0.005470 seconds .

========================================================================
Received Import Request.
  Time since last request: 8.532278 seconds.
  path: Assets/Scenes/Level_2.unity
  artifactKey: Guid(9fc0d4010bbf28b4594072e72b8655ab) Importer(815301076,1909f56bfc062723c751e8b465ee728b)
Start importing Assets/Scenes/Level_2.unity using Guid(9fc0d4010bbf28b4594072e72b8655ab) Importer(815301076,1909f56bfc062723c751e8b465ee728b)  -> (artifact id: '0ba1ac10bca98b78137cc636f141a502') in 0.001826 seconds
  Import took 0.005952 seconds .

